<?xml version="1.0" encoding="UTF-8"?>
<!-- Generated by org.testng.reporters.JUnitXMLReporter -->
<testsuite hostname="DESKTOP-AMU0KRC" ignored="1" name="personal Loan" tests="17" failures="0" timestamp="2019-12-20T11:29:42 IST" time="0.118" errors="0">
  <testcase name="Demo" time="0.005" classname="Testng.testng1"/>
  <testcase name="secondtest" time="0.003" classname="Testng.testng1"/>
  <testcase name="smoketest" time="0.004" classname="Testng.testng1"/>
  <testcase name="demo2" time="0.001" classname="Testng.testng2"/>
  <testcase name="smoke2" time="0.005" classname="Testng.testng2"/>
  <testcase name="APIloginpersonalloan" time="0.001" classname="Testng.testng3"/>
  <testcase name="Mobileloginhomeloan" time="0.002" classname="Testng.testng3"/>
  <testcase name="Mobilesignouthomeloan" time="0.002" classname="Testng.testng3"/>
  <testcase name="Weblogincarloan" time="0.001" classname="Testng.testng3"/>
  <testcase name="smoke3" time="0.002" classname="Testng.testng3"/>
  <testcase name="Weblogincarloan" time="0.001" classname="Testng.testng4"/>
  <testcase name="chromelogincarloan" time="0.007" classname="Testng.testng4"/>
  <testcase name="APIlogincarloan" time="0.002" classname="Testng.testng4"/>
  <testcase name="APIloginpersonalloan" time="0.001" classname="Testng.testng5"/>
  <testcase name="Mobileloginhomeloan" time="0.001" classname="Testng.testng5"/>
  <testcase name="Mobilesignouthomeloan" time="0.001" classname="Testng.testng5"/>
  <testcase name="Weblogincarloan" time="0.001" classname="Testng.testng5"/>
  <testcase name="mobilelogincarloan" time="0.0" classname="Testng.testng4">
    <ignored/>
  </testcase> <!-- mobilelogincarloan -->
</testsuite> <!-- personal Loan -->
