<?xml version="1.0" encoding="UTF-8"?>
<!-- Generated by org.testng.reporters.JUnitXMLReporter -->
<testsuite hostname="DESKTOP-AMU0KRC" ignored="4" name="Test loan" tests="1" failures="0" timestamp="2019-12-20T11:15:34 IST" time="0.007" errors="0">
  <testcase name="APIloginpersonalloan" time="0.001" classname="Testng.testng3"/>
  <testcase name="Mobilesignouthomeloan" time="0.0" classname="Testng.testng3">
    <ignored/>
  </testcase> <!-- Mobilesignouthomeloan -->
  <testcase name="Mobileloginhomeloan" time="0.0" classname="Testng.testng3">
    <ignored/>
  </testcase> <!-- Mobileloginhomeloan -->
  <testcase name="Weblogincarloan" time="0.0" classname="Testng.testng3">
    <ignored/>
  </testcase> <!-- Weblogincarloan -->
  <testcase name="smoke3" time="0.0" classname="Testng.testng3">
    <ignored/>
  </testcase> <!-- smoke3 -->
</testsuite> <!-- Test loan -->
