<?xml version="1.0" encoding="UTF-8"?>
<!-- Generated by org.testng.reporters.JUnitXMLReporter -->
<testsuite hostname="DESKTOP-AMU0KRC" ignored="0" name="Test" tests="5" failures="0" timestamp="2019-12-20T11:15:34 IST" time="0.085" errors="0">
  <testcase name="Demo" time="0.008" classname="Testng.testng1"/>
  <testcase name="secondtest" time="0.004" classname="Testng.testng1"/>
  <testcase name="smoketest" time="0.005" classname="Testng.testng1"/>
  <testcase name="demo2" time="0.003" classname="Testng.testng2"/>
  <testcase name="smoke2" time="0.003" classname="Testng.testng2"/>
</testsuite> <!-- Test -->
